<!DOCTYPE html>
<html>
  <head>
    <meta charset="utf-8"/>
    <title>Test Report</title>
    <link href="assets/style.css" rel="stylesheet" type="text/css"/></head>
  <body onLoad="init()">
    <script>/* This Source Code Form is subject to the terms of the Mozilla Public
 * License, v. 2.0. If a copy of the MPL was not distributed with this file,
 * You can obtain one at http://mozilla.org/MPL/2.0/. */


function toArray(iter) {
    if (iter === null) {
        return null;
    }
    return Array.prototype.slice.call(iter);
}

function find(selector, elem) { // eslint-disable-line no-redeclare
    if (!elem) {
        elem = document;
    }
    return elem.querySelector(selector);
}

function findAll(selector, elem) {
    if (!elem) {
        elem = document;
    }
    return toArray(elem.querySelectorAll(selector));
}

function sortColumn(elem) {
    toggleSortStates(elem);
    const colIndex = toArray(elem.parentNode.childNodes).indexOf(elem);
    let key;
    if (elem.classList.contains('result')) {
        key = keyResult;
    } else if (elem.classList.contains('links')) {
        key = keyLink;
    } else {
        key = keyAlpha;
    }
    sortTable(elem, key(colIndex));
}

function showAllExtras() { // eslint-disable-line no-unused-vars
    findAll('.col-result').forEach(showExtras);
}

function hideAllExtras() { // eslint-disable-line no-unused-vars
    findAll('.col-result').forEach(hideExtras);
}

function showExtras(colresultElem) {
    const extras = colresultElem.parentNode.nextElementSibling;
    const expandcollapse = colresultElem.firstElementChild;
    extras.classList.remove('collapsed');
    expandcollapse.classList.remove('expander');
    expandcollapse.classList.add('collapser');
}

function hideExtras(colresultElem) {
    const extras = colresultElem.parentNode.nextElementSibling;
    const expandcollapse = colresultElem.firstElementChild;
    extras.classList.add('collapsed');
    expandcollapse.classList.remove('collapser');
    expandcollapse.classList.add('expander');
}

function showFilters() {
    const filterItems = document.getElementsByClassName('filter');
    for (let i = 0; i < filterItems.length; i++)
        filterItems[i].hidden = false;
}

function addCollapse() {
    // Add links for show/hide all
    const resulttable = find('table#results-table');
    const showhideall = document.createElement('p');
    showhideall.innerHTML = '<a href="javascript:showAllExtras()">Show all details</a> / ' +
                            '<a href="javascript:hideAllExtras()">Hide all details</a>';
    resulttable.parentElement.insertBefore(showhideall, resulttable);

    // Add show/hide link to each result
    findAll('.col-result').forEach(function(elem) {
        const collapsed = getQueryParameter('collapsed') || 'Passed';
        const extras = elem.parentNode.nextElementSibling;
        const expandcollapse = document.createElement('span');
        if (extras.classList.contains('collapsed')) {
            expandcollapse.classList.add('expander');
        } else if (collapsed.includes(elem.innerHTML)) {
            extras.classList.add('collapsed');
            expandcollapse.classList.add('expander');
        } else {
            expandcollapse.classList.add('collapser');
        }
        elem.appendChild(expandcollapse);

        elem.addEventListener('click', function(event) {
            if (event.currentTarget.parentNode.nextElementSibling.classList.contains('collapsed')) {
                showExtras(event.currentTarget);
            } else {
                hideExtras(event.currentTarget);
            }
        });
    });
}

function getQueryParameter(name) {
    const match = RegExp('[?&]' + name + '=([^&]*)').exec(window.location.search);
    return match && decodeURIComponent(match[1].replace(/\+/g, ' '));
}

function init () { // eslint-disable-line no-unused-vars
    resetSortHeaders();

    addCollapse();

    showFilters();

    sortColumn(find('.initial-sort'));

    findAll('.sortable').forEach(function(elem) {
        elem.addEventListener('click',
            function() {
                sortColumn(elem);
            }, false);
    });
}

function sortTable(clicked, keyFunc) {
    const rows = findAll('.results-table-row');
    const reversed = !clicked.classList.contains('asc');
    const sortedRows = sort(rows, keyFunc, reversed);
    /* Whole table is removed here because browsers acts much slower
     * when appending existing elements.
     */
    const thead = document.getElementById('results-table-head');
    document.getElementById('results-table').remove();
    const parent = document.createElement('table');
    parent.id = 'results-table';
    parent.appendChild(thead);
    sortedRows.forEach(function(elem) {
        parent.appendChild(elem);
    });
    document.getElementsByTagName('BODY')[0].appendChild(parent);
}

function sort(items, keyFunc, reversed) {
    const sortArray = items.map(function(item, i) {
        return [keyFunc(item), i];
    });

    sortArray.sort(function(a, b) {
        const keyA = a[0];
        const keyB = b[0];

        if (keyA == keyB) return 0;

        if (reversed) {
            return keyA < keyB ? 1 : -1;
        } else {
            return keyA > keyB ? 1 : -1;
        }
    });

    return sortArray.map(function(item) {
        const index = item[1];
        return items[index];
    });
}

function keyAlpha(colIndex) {
    return function(elem) {
        return elem.childNodes[1].childNodes[colIndex].firstChild.data.toLowerCase();
    };
}

function keyLink(colIndex) {
    return function(elem) {
        const dataCell = elem.childNodes[1].childNodes[colIndex].firstChild;
        return dataCell == null ? '' : dataCell.innerText.toLowerCase();
    };
}

function keyResult(colIndex) {
    return function(elem) {
        const strings = ['Error', 'Failed', 'Rerun', 'XFailed', 'XPassed',
            'Skipped', 'Passed'];
        return strings.indexOf(elem.childNodes[1].childNodes[colIndex].firstChild.data);
    };
}

function resetSortHeaders() {
    findAll('.sort-icon').forEach(function(elem) {
        elem.parentNode.removeChild(elem);
    });
    findAll('.sortable').forEach(function(elem) {
        const icon = document.createElement('div');
        icon.className = 'sort-icon';
        icon.textContent = 'vvv';
        elem.insertBefore(icon, elem.firstChild);
        elem.classList.remove('desc', 'active');
        elem.classList.add('asc', 'inactive');
    });
}

function toggleSortStates(elem) {
    //if active, toggle between asc and desc
    if (elem.classList.contains('active')) {
        elem.classList.toggle('asc');
        elem.classList.toggle('desc');
    }

    //if inactive, reset all other functions and add ascending active
    if (elem.classList.contains('inactive')) {
        resetSortHeaders();
        elem.classList.remove('inactive');
        elem.classList.add('active');
    }
}

function isAllRowsHidden(value) {
    return value.hidden == false;
}

function filterTable(elem) { // eslint-disable-line no-unused-vars
    const outcomeAtt = 'data-test-result';
    const outcome = elem.getAttribute(outcomeAtt);
    const classOutcome = outcome + ' results-table-row';
    const outcomeRows = document.getElementsByClassName(classOutcome);

    for(let i = 0; i < outcomeRows.length; i++){
        outcomeRows[i].hidden = !elem.checked;
    }

    const rows = findAll('.results-table-row').filter(isAllRowsHidden);
    const allRowsHidden = rows.length == 0 ? true : false;
    const notFoundMessage = document.getElementById('not-found-message');
    notFoundMessage.hidden = !allRowsHidden;
}
</script>
    <h1>Execution_report.html</h1>
    <p>Report generated on 01-Apr-2022 at 16:03:57 by <a href="https://pypi.python.org/pypi/pytest-html">pytest-html</a> v3.1.1</p>
    <h2>Environment</h2>
    <table id="environment">
      <tr>
        <td>Module Name</td>
        <td>NEW PLP Test</td></tr>
      <tr>
        <td>Packages</td>
        <td>{"pluggy": "1.0.0", "py": "1.11.0", "pytest": "7.0.1"}</td></tr>
      <tr>
        <td>Platform</td>
        <td>Windows-10-10.0.19043-SP0</td></tr>
      <tr>
        <td>Plugins</td>
        <td>{"allure-pytest": "2.9.45", "forked": "1.4.0", "html": "3.1.1", "metadata": "1.11.0", "xdist": "2.5.0"}</td></tr>
      <tr>
        <td>Project Name</td>
        <td>NEW PLP</td></tr>
      <tr>
        <td>Python</td>
        <td>3.10.0</td></tr>
      <tr>
        <td>Tester</td>
        <td>Dharmendra Yadav</td></tr></table>
    <h2>Summary</h2>
    <p>13 tests ran in 428.59 seconds. </p>
    <p class="filter" hidden="true">(Un)check the boxes to filter the results.</p><input checked="true" class="filter" data-test-result="passed" hidden="true" name="filter_checkbox" onChange="filterTable(this)" type="checkbox"/><span class="passed">12 passed</span>, <input checked="true" class="filter" data-test-result="skipped" disabled="true" hidden="true" name="filter_checkbox" onChange="filterTable(this)" type="checkbox"/><span class="skipped">0 skipped</span>, <input checked="true" class="filter" data-test-result="failed" hidden="true" name="filter_checkbox" onChange="filterTable(this)" type="checkbox"/><span class="failed">1 failed</span>, <input checked="true" class="filter" data-test-result="error" disabled="true" hidden="true" name="filter_checkbox" onChange="filterTable(this)" type="checkbox"/><span class="error">0 errors</span>, <input checked="true" class="filter" data-test-result="xfailed" disabled="true" hidden="true" name="filter_checkbox" onChange="filterTable(this)" type="checkbox"/><span class="xfailed">0 expected failures</span>, <input checked="true" class="filter" data-test-result="xpassed" disabled="true" hidden="true" name="filter_checkbox" onChange="filterTable(this)" type="checkbox"/><span class="xpassed">0 unexpected passes</span>
    <h2>Results</h2>
    <table id="results-table">
      <thead id="results-table-head">
        <tr>
          <th class="sortable result initial-sort" col="result">Result</th>
          <th class="sortable" col="name">Test</th>
          <th class="sortable" col="duration">Duration</th>
          <th class="sortable links" col="links">Links</th></tr>
        <tr hidden="true" id="not-found-message">
          <th colspan="4">No results found. Try to check the filters</th></tr></thead>
      <tbody class="failed results-table-row">
        <tr>
          <td class="col-result">Failed</td>
          <td class="col-name">test_Pcat_Login.py::Test_003_PCAT_Test::test_Login_1</td>
          <td class="col-duration">54.25</td>
          <td class="col-links"></td></tr>
        <tr>
          <td class="extra" colspan="4">
            <div class="log">self = &lt;testCases.test_Pcat_Login.Test_003_PCAT_Test object at 0x0000026E4275E980&gt;<br/>setup = &lt;selenium.webdriver.edge.webdriver.WebDriver (session=&quot;f2f481a12b9682d661c7f29dd98f130f&quot;)&gt;<br/><br/>    def test_Login_1(self, setup):<br/>        self.driver = setup<br/>        pcatlogin = PCATLogin(setup)<br/>        self.driver.get(self.baseURL)<br/>        self.logger.info(&quot;******************** Login Test Started ********************&quot;)<br/>        time.sleep(5)<br/>        pcatlogin.clicklogin()<br/>        pcatlogin.setUserName(self.username)<br/>        pcatlogin.setpassword(self.password)<br/>        pcatlogin.clicksignin()<br/>        self.logger.info(&quot;******************** Login Successful ********************&quot;)<br/>        buttonclick = button_clicks(setup)<br/>        time.sleep(5)<br/>        buttonclick.click_catalog_selection()<br/>        time.sleep(5)<br/>        self.logger.info(&quot;******************** Catalog Selected Successfully ********************&quot;)<br/>&gt;       buttonclick.click_add_to_cart()<br/><br/>test_Pcat_Login.py:38: <br/>_ _ _ _ _ _ _ _ _ _ _ _ _ _ _ _ _ _ _ _ _ _ _ _ _ _ _ _ _ _ _ _ _ _ _ _ _ _ _ _ <br/>..\pageObjects\Buttons.py:17: in click_add_to_cart<br/>    self.driver.find_element_by_xpath(self.link_addtocart_xpath).click()<br/>..\..\..\AppData\Local\Programs\Python\Python310\lib\site-packages\selenium\webdriver\remote\webdriver.py:521: in find_element_by_xpath<br/>    return self.find_element(by=By.XPATH, value=xpath)<br/>..\..\..\AppData\Local\Programs\Python\Python310\lib\site-packages\selenium\webdriver\remote\webdriver.py:1248: in find_element<br/>    return self.execute(Command.FIND_ELEMENT, {<br/>..\..\..\AppData\Local\Programs\Python\Python310\lib\site-packages\selenium\webdriver\remote\webdriver.py:425: in execute<br/>    self.error_handler.check_response(response)<br/>_ _ _ _ _ _ _ _ _ _ _ _ _ _ _ _ _ _ _ _ _ _ _ _ _ _ _ _ _ _ _ _ _ _ _ _ _ _ _ _ <br/><br/>self = &lt;selenium.webdriver.remote.errorhandler.ErrorHandler object at 0x0000026E42760880&gt;<br/>response = {&#x27;status&#x27;: 404, &#x27;value&#x27;: &#x27;{&quot;value&quot;:{&quot;error&quot;:&quot;no such element&quot;,&quot;message&quot;:&quot;no such element: Unable to locate element: {\...00007FF6A5594F14+1789716]\\n\\t(No symbol) [0x00007FFBC7457034]\\n\\tRtlUserThreadStart [0x00007FFBC7C82651+33]\\n&quot;}}&#x27;}<br/><br/>    def check_response(self, response: Dict[str, Any]) -&gt; None:<br/>        &quot;&quot;&quot;<br/>        Checks that a JSON response from the WebDriver does not have an error.<br/>    <br/>        :Args:<br/>         - response - The JSON response from the WebDriver server as a dictionary<br/>           object.<br/>    <br/>        :Raises: If the response contains an error message.<br/>        &quot;&quot;&quot;<br/>        status = response.get(&#x27;status&#x27;, None)<br/>        if not status or status == ErrorCode.SUCCESS:<br/>            return<br/>        value = None<br/>        message = response.get(&quot;message&quot;, &quot;&quot;)<br/>        screen: str = response.get(&quot;screen&quot;, &quot;&quot;)<br/>        stacktrace = None<br/>        if isinstance(status, int):<br/>            value_json = response.get(&#x27;value&#x27;, None)<br/>            if value_json and isinstance(value_json, str):<br/>                import json<br/>                try:<br/>                    value = json.loads(value_json)<br/>                    if len(value.keys()) == 1:<br/>                        value = value[&#x27;value&#x27;]<br/>                    status = value.get(&#x27;error&#x27;, None)<br/>                    if not status:<br/>                        status = value.get(&quot;status&quot;, ErrorCode.UNKNOWN_ERROR)<br/>                        message = value.get(&quot;value&quot;) or value.get(&quot;message&quot;)<br/>                        if not isinstance(message, str):<br/>                            value = message<br/>                            message = message.get(&#x27;message&#x27;)<br/>                    else:<br/>                        message = value.get(&#x27;message&#x27;, None)<br/>                except ValueError:<br/>                    pass<br/>    <br/>        exception_class: Type[WebDriverException]<br/>        if status in ErrorCode.NO_SUCH_ELEMENT:<br/>            exception_class = NoSuchElementException<br/>        elif status in ErrorCode.NO_SUCH_FRAME:<br/>            exception_class = NoSuchFrameException<br/>        elif status in ErrorCode.NO_SUCH_SHADOW_ROOT:<br/>            exception_class = NoSuchShadowRootException<br/>        elif status in ErrorCode.NO_SUCH_WINDOW:<br/>            exception_class = NoSuchWindowException<br/>        elif status in ErrorCode.STALE_ELEMENT_REFERENCE:<br/>            exception_class = StaleElementReferenceException<br/>        elif status in ErrorCode.ELEMENT_NOT_VISIBLE:<br/>            exception_class = ElementNotVisibleException<br/>        elif status in ErrorCode.INVALID_ELEMENT_STATE:<br/>            exception_class = InvalidElementStateException<br/>        elif status in ErrorCode.INVALID_SELECTOR \<br/>                or status in ErrorCode.INVALID_XPATH_SELECTOR \<br/>                or status in ErrorCode.INVALID_XPATH_SELECTOR_RETURN_TYPER:<br/>            exception_class = InvalidSelectorException<br/>        elif status in ErrorCode.ELEMENT_IS_NOT_SELECTABLE:<br/>            exception_class = ElementNotSelectableException<br/>        elif status in ErrorCode.ELEMENT_NOT_INTERACTABLE:<br/>            exception_class = ElementNotInteractableException<br/>        elif status in ErrorCode.INVALID_COOKIE_DOMAIN:<br/>            exception_class = InvalidCookieDomainException<br/>        elif status in ErrorCode.UNABLE_TO_SET_COOKIE:<br/>            exception_class = UnableToSetCookieException<br/>        elif status in ErrorCode.TIMEOUT:<br/>            exception_class = TimeoutException<br/>        elif status in ErrorCode.SCRIPT_TIMEOUT:<br/>            exception_class = TimeoutException<br/>        elif status in ErrorCode.UNKNOWN_ERROR:<br/>            exception_class = WebDriverException<br/>        elif status in ErrorCode.UNEXPECTED_ALERT_OPEN:<br/>            exception_class = UnexpectedAlertPresentException<br/>        elif status in ErrorCode.NO_ALERT_OPEN:<br/>            exception_class = NoAlertPresentException<br/>        elif status in ErrorCode.IME_NOT_AVAILABLE:<br/>            exception_class = ImeNotAvailableException<br/>        elif status in ErrorCode.IME_ENGINE_ACTIVATION_FAILED:<br/>            exception_class = ImeActivationFailedException<br/>        elif status in ErrorCode.MOVE_TARGET_OUT_OF_BOUNDS:<br/>            exception_class = MoveTargetOutOfBoundsException<br/>        elif status in ErrorCode.JAVASCRIPT_ERROR:<br/>            exception_class = JavascriptException<br/>        elif status in ErrorCode.SESSION_NOT_CREATED:<br/>            exception_class = SessionNotCreatedException<br/>        elif status in ErrorCode.INVALID_ARGUMENT:<br/>            exception_class = InvalidArgumentException<br/>        elif status in ErrorCode.NO_SUCH_COOKIE:<br/>            exception_class = NoSuchCookieException<br/>        elif status in ErrorCode.UNABLE_TO_CAPTURE_SCREEN:<br/>            exception_class = ScreenshotException<br/>        elif status in ErrorCode.ELEMENT_CLICK_INTERCEPTED:<br/>            exception_class = ElementClickInterceptedException<br/>        elif status in ErrorCode.INSECURE_CERTIFICATE:<br/>            exception_class = InsecureCertificateException<br/>        elif status in ErrorCode.INVALID_COORDINATES:<br/>            exception_class = InvalidCoordinatesException<br/>        elif status in ErrorCode.INVALID_SESSION_ID:<br/>            exception_class = InvalidSessionIdException<br/>        elif status in ErrorCode.UNKNOWN_METHOD:<br/>            exception_class = UnknownMethodException<br/>        else:<br/>            exception_class = WebDriverException<br/>        if not value:<br/>            value = response[&#x27;value&#x27;]<br/>        if isinstance(value, str):<br/>            raise exception_class(value)<br/>        if message == &quot;&quot; and &#x27;message&#x27; in value:<br/>            message = value[&#x27;message&#x27;]<br/>    <br/>        screen = None  # type: ignore[assignment]<br/>        if &#x27;screen&#x27; in value:<br/>            screen = value[&#x27;screen&#x27;]<br/>    <br/>        stacktrace = None<br/>        st_value = value.get(&#x27;stackTrace&#x27;) or value.get(&#x27;stacktrace&#x27;)<br/>        if st_value:<br/>            if isinstance(st_value, str):<br/>                stacktrace = st_value.split(&#x27;\n&#x27;)<br/>            else:<br/>                stacktrace = []<br/>                try:<br/>                    for frame in st_value:<br/>                        line = self._value_or_default(frame, &#x27;lineNumber&#x27;, &#x27;&#x27;)<br/>                        file = self._value_or_default(frame, &#x27;fileName&#x27;, &#x27;&lt;anonymous&gt;&#x27;)<br/>                        if line:<br/>                            file = &quot;%s:%s&quot; % (file, line)<br/>                        meth = self._value_or_default(frame, &#x27;methodName&#x27;, &#x27;&lt;anonymous&gt;&#x27;)<br/>                        if &#x27;className&#x27; in frame:<br/>                            meth = &quot;%s.%s&quot; % (frame[&#x27;className&#x27;], meth)<br/>                        msg = &quot;    at %s (%s)&quot;<br/>                        msg = msg % (meth, file)<br/>                        stacktrace.append(msg)<br/>                except TypeError:<br/>                    pass<br/>        if exception_class == UnexpectedAlertPresentException:<br/>            alert_text = None<br/>            if &#x27;data&#x27; in value:<br/>                alert_text = value[&#x27;data&#x27;].get(&#x27;text&#x27;)<br/>            elif &#x27;alert&#x27; in value:<br/>                alert_text = value[&#x27;alert&#x27;].get(&#x27;text&#x27;)<br/>            raise exception_class(message, screen, stacktrace, alert_text)  # type: ignore[call-arg]  # mypy is not smart enough here<br/>&gt;       raise exception_class(message, screen, stacktrace)<br/><span class="error">E       selenium.common.exceptions.NoSuchElementException: Message: no such element: Unable to locate element: {&quot;method&quot;:&quot;xpath&quot;,&quot;selector&quot;:&quot;//a[contains(text(),&#x27;Add To Cart&#x27;)]&quot;}</span><br/><span class="error">E         (Session info: MicrosoftEdge=99.0.1150.55)</span><br/><span class="error">E       Stacktrace:</span><br/><span class="error">E       Backtrace:</span><br/><span class="error">E       	Microsoft::Applications::Events::EventProperties::unpack [0x00007FF6A5ABAB22+23186]</span><br/><span class="error">E       	Microsoft::Applications::Events::time_ticks_t::operator= [0x00007FF6A5A0D722+427858]</span><br/><span class="error">E       	Ordinal0 [0x00007FF6A54810B5+659637]</span><br/><span class="error">E       	Ordinal0 [0x00007FF6A54BBF22+900898]</span><br/><span class="error">E       	Ordinal0 [0x00007FF6A54BC1F8+901624]</span><br/><span class="error">E       	Ordinal0 [0x00007FF6A54EE207+1106439]</span><br/><span class="error">E       	Ordinal0 [0x00007FF6A54D702F+1011759]</span><br/><span class="error">E       	Ordinal0 [0x00007FF6A54EB904+1095940]</span><br/><span class="error">E       	Ordinal0 [0x00007FF6A54D6E03+1011203]</span><br/><span class="error">E       	Ordinal0 [0x00007FF6A54AE067+843879]</span><br/><span class="error">E       	Ordinal0 [0x00007FF6A54AF538+849208]</span><br/><span class="error">E       	Ordinal0 [0x00007FF6A5590480+1770624]</span><br/><span class="error">E       	Microsoft::Applications::Events::EventProperty::EventProperty [0x00007FF6A582572F+28079]</span><br/><span class="error">E       	Microsoft::Applications::Events::EventProperty::EventProperty [0x00007FF6A5826C52+33490]</span><br/><span class="error">E       	Microsoft::Applications::Events::EventProperty::to_string [0x00007FF6A561FAB6+56518]</span><br/><span class="error">E       	Ordinal0 [0x00007FF6A558DDAF+1760687]</span><br/><span class="error">E       	Microsoft::Applications::Events::time_ticks_t::operator= [0x00007FF6A5A18934+473444]</span><br/><span class="error">E       	Microsoft::Applications::Events::time_ticks_t::operator= [0x00007FF6A5A18AC5+473845]</span><br/><span class="error">E       	Ordinal0 [0x00007FF6A5594F14+1789716]</span><br/><span class="error">E       	(No symbol) [0x00007FFBC7457034]</span><br/><span class="error">E       	RtlUserThreadStart [0x00007FFBC7C82651+33]</span><br/><br/>..\..\..\AppData\Local\Programs\Python\Python310\lib\site-packages\selenium\webdriver\remote\errorhandler.py:247: NoSuchElementException<br/> -------------------------------Captured log call-------------------------------- <br/>INFO     root:test_Pcat_Login.py:26 ******************** Login Test Started ********************
INFO     root:test_Pcat_Login.py:32 ******************** Login Successful ********************
INFO     root:test_Pcat_Login.py:37 ******************** Catalog Selected Successfully ********************<br/></div></td></tr></tbody>
      <tbody class="passed results-table-row">
        <tr>
          <td class="col-result">Passed</td>
          <td class="col-name">test_Compare_New.py::Test_Compare_Item::test_CompareItem_1</td>
          <td class="col-duration">23.00</td>
          <td class="col-links"></td></tr>
        <tr>
          <td class="extra" colspan="4">
            <div class="log"> -------------------------------Captured log call-------------------------------- <br/>INFO     root:test_Compare_New.py:25 ******************** Compare Item clicked ********************
INFO     root:test_Compare_New.py:32 ******************** Compare button clicked ********************
INFO     root:test_Compare_New.py:33 AMItem4
INFO     root:test_Compare_New.py:35 AMItem5<br/></div></td></tr></tbody>
      <tbody class="passed results-table-row">
        <tr>
          <td class="col-result">Passed</td>
          <td class="col-name">test_Compare_New.py::Test_Compare_Item::test_CompareItem_2</td>
          <td class="col-duration">20.58</td>
          <td class="col-links"></td></tr>
        <tr>
          <td class="extra" colspan="4">
            <div class="log"> -------------------------------Captured log call-------------------------------- <br/>INFO     root:test_Compare_New.py:44 ******************** Test case 2 started ********************
INFO     root:test_Compare_New.py:53 ******************** Compare Item clicked ********************
INFO     root:test_Compare_New.py:59 ******************** Clear all Button Clicked ********************<br/></div></td></tr></tbody>
      <tbody class="passed results-table-row">
        <tr>
          <td class="col-result">Passed</td>
          <td class="col-name">test_KeyWordSearch_New.py::Test_001_KeywordSearch::test_KyeWordSearch_1</td>
          <td class="col-duration">19.21</td>
          <td class="col-links"></td></tr>
        <tr>
          <td class="extra" colspan="4">
            <div class="log"> -------------------------------Captured log call-------------------------------- <br/>INFO     root:test_KeyWordSearch_New.py:19 ******************** Test_001_KeyWord Search ********************
INFO     root:test_KeyWordSearch_New.py:29 24 Categories
INFO     root:test_KeyWordSearch_New.py:32 24 Categories
INFO     root:test_KeyWordSearch_New.py:36 281 Results
INFO     root:test_KeyWordSearch_New.py:41 All Categories | DYTest
INFO     root:test_KeyWordSearch_New.py:43 http://dytest.cn-qa-stage.catnav.us/result/all-categories?keyword=Item<br/></div></td></tr></tbody>
      <tbody class="passed results-table-row">
        <tr>
          <td class="col-result">Passed</td>
          <td class="col-name">test_NewCAD_Download.py::Test_001_CAD_Form_Submission::test_CAD_Submission_3D</td>
          <td class="col-duration">62.49</td>
          <td class="col-links"></td></tr>
        <tr>
          <td class="extra" colspan="4">
            <div class="log"> -------------------------------Captured log call-------------------------------- <br/>INFO     root:test_NewCAD_Download.py:13 ********************Test_001_CAD_Submission_3D********************
INFO     root:test_NewCAD_Download.py:26 [8839EFDCG2V] Variable Speed Drive
INFO     root:test_NewCAD_Download.py:27 [8839EFDCG2V] Variable Speed Drive
INFO     root:test_NewCAD_Download.py:29 3D
INFO     root:test_NewCAD_Download.py:43 8839EFDCG2V | Variable Speed Drive | Build 49 @#$#$%#$&amp;%&amp;!Test
INFO     root:test_NewCAD_Download.py:45 Your CAD file has been downloaded successfully.
INFO     root:test_NewCAD_Download.py:48 https://build49-legacy.cn-qa-pub.catnav.us/item/enclosed-drives-and-soft-starters/e-flex-drives/8839efdcg2v-2?plpver=1155<br/></div></td></tr></tbody>
      <tbody class="passed results-table-row">
        <tr>
          <td class="col-result">Passed</td>
          <td class="col-name">test_NewCAD_Download.py::Test_001_CAD_Form_Submission::test_CAD_Submission_2D_Front_View</td>
          <td class="col-duration">39.82</td>
          <td class="col-links"></td></tr>
        <tr>
          <td class="extra" colspan="4">
            <div class="log"> -------------------------------Captured log call-------------------------------- <br/>INFO     root:test_NewCAD_Download.py:52 ********************Test_002_CAD_Submission_2D********************
INFO     root:test_NewCAD_Download.py:69 [8839EFDCG2V] Variable Speed Drive
INFO     root:test_NewCAD_Download.py:71 [8839EFDCG2V] Variable Speed Drive
INFO     root:test_NewCAD_Download.py:73 2D Front View
INFO     root:test_NewCAD_Download.py:90 8839EFDCG2V | Variable Speed Drive | Build 49 @#$#$%#$&amp;%&amp;!Test
INFO     root:test_NewCAD_Download.py:92 Your CAD file has been downloaded successfully.
INFO     root:test_NewCAD_Download.py:97 https://build49-legacy.cn-qa-pub.catnav.us/item/enclosed-drives-and-soft-starters/e-flex-drives/8839efdcg2v-2?plpver=1155<br/></div></td></tr></tbody>
      <tbody class="passed results-table-row">
        <tr>
          <td class="col-result">Passed</td>
          <td class="col-name">test_NewCAD_Download.py::Test_001_CAD_Form_Submission::test_CAD_Submission_2D_Left_Side_View</td>
          <td class="col-duration">36.11</td>
          <td class="col-links"></td></tr>
        <tr>
          <td class="extra" colspan="4">
            <div class="log"> -------------------------------Captured log call-------------------------------- <br/>INFO     root:test_NewCAD_Download.py:101 ******************** Test_003_CAD_Submission_2D Left Side View ********************
INFO     root:test_NewCAD_Download.py:118 [8839EFDCG2V] Variable Speed Drive
INFO     root:test_NewCAD_Download.py:120 [8839EFDCG2V] Variable Speed Drive
INFO     root:test_NewCAD_Download.py:122 2D Left Side View
INFO     root:test_NewCAD_Download.py:139 8839EFDCG2V | Variable Speed Drive | Build 49 @#$#$%#$&amp;%&amp;!Test
INFO     root:test_NewCAD_Download.py:141 Your CAD file has been downloaded successfully.
INFO     root:test_NewCAD_Download.py:146 https://build49-legacy.cn-qa-pub.catnav.us/item/enclosed-drives-and-soft-starters/e-flex-drives/8839efdcg2v-2?plpver=1155<br/></div></td></tr></tbody>
      <tbody class="passed results-table-row">
        <tr>
          <td class="col-result">Passed</td>
          <td class="col-name">test_NewCAD_Download.py::Test_001_CAD_Form_Submission::test_CAD_Submission_2D_Top_View</td>
          <td class="col-duration">35.67</td>
          <td class="col-links"></td></tr>
        <tr>
          <td class="extra" colspan="4">
            <div class="log"> -------------------------------Captured log call-------------------------------- <br/>INFO     root:test_NewCAD_Download.py:150 ******************** Test_004_CAD_Submission_2D Top Side ********************
INFO     root:test_NewCAD_Download.py:167 [8839EFDCG2V] Variable Speed Drive
INFO     root:test_NewCAD_Download.py:169 [8839EFDCG2V] Variable Speed Drive
INFO     root:test_NewCAD_Download.py:171 2D Top View
INFO     root:test_NewCAD_Download.py:188 8839EFDCG2V | Variable Speed Drive | Build 49 @#$#$%#$&amp;%&amp;!Test
INFO     root:test_NewCAD_Download.py:190 Your CAD file has been downloaded successfully.
INFO     root:test_NewCAD_Download.py:195 https://build49-legacy.cn-qa-pub.catnav.us/item/enclosed-drives-and-soft-starters/e-flex-drives/8839efdcg2v-2?plpver=1155<br/></div></td></tr></tbody>
      <tbody class="passed results-table-row">
        <tr>
          <td class="col-result">Passed</td>
          <td class="col-name">test_NewCAD_Download.py::Test_001_CAD_Form_Submission::test_CAD_Submission_2D_Bottom_View</td>
          <td class="col-duration">36.41</td>
          <td class="col-links"></td></tr>
        <tr>
          <td class="extra" colspan="4">
            <div class="log"> -------------------------------Captured log call-------------------------------- <br/>INFO     root:test_NewCAD_Download.py:199 ******************** Test_005_CAD_Submission_2D Bottom View ********************
INFO     root:test_NewCAD_Download.py:216 [8839EFDCG2V] Variable Speed Drive
INFO     root:test_NewCAD_Download.py:218 [8839EFDCG2V] Variable Speed Drive
INFO     root:test_NewCAD_Download.py:220 2D Bottom View
INFO     root:test_NewCAD_Download.py:237 8839EFDCG2V | Variable Speed Drive | Build 49 @#$#$%#$&amp;%&amp;!Test
INFO     root:test_NewCAD_Download.py:239 Your CAD file has been downloaded successfully.
INFO     root:test_NewCAD_Download.py:244 https://build49-legacy.cn-qa-pub.catnav.us/item/enclosed-drives-and-soft-starters/e-flex-drives/8839efdcg2v-2?plpver=1155<br/></div></td></tr></tbody>
      <tbody class="passed results-table-row">
        <tr>
          <td class="col-result">Passed</td>
          <td class="col-name">test_NewCAD_Download.py::Test_001_CAD_Form_Submission::test_CAD_Submission_Revit_Model</td>
          <td class="col-duration">36.15</td>
          <td class="col-links"></td></tr>
        <tr>
          <td class="extra" colspan="4">
            <div class="log"> -------------------------------Captured log call-------------------------------- <br/>INFO     root:test_NewCAD_Download.py:249 ******************** Test_006_CAD_Submission_Revit Model ********************
INFO     root:test_NewCAD_Download.py:266 [8839EFDCG2V] Variable Speed Drive
INFO     root:test_NewCAD_Download.py:268 [8839EFDCG2V] Variable Speed Drive
INFO     root:test_NewCAD_Download.py:270 Revit Model
INFO     root:test_NewCAD_Download.py:287 8839EFDCG2V | Variable Speed Drive | Build 49 @#$#$%#$&amp;%&amp;!Test
INFO     root:test_NewCAD_Download.py:289 undefined
INFO     root:test_NewCAD_Download.py:294 https://build49-legacy.cn-qa-pub.catnav.us/item/enclosed-drives-and-soft-starters/e-flex-drives/8839efdcg2v-2?plpver=1155<br/></div></td></tr></tbody>
      <tbody class="passed results-table-row">
        <tr>
          <td class="col-result">Passed</td>
          <td class="col-name">test_SeachFilter.py::Test_001_SearchFilter::test_SearchFilter_1</td>
          <td class="col-duration">19.00</td>
          <td class="col-links"></td></tr>
        <tr>
          <td class="extra" colspan="4">
            <div class="log"> -------------------------------Captured log call-------------------------------- <br/>INFO     root:test_SeachFilter.py:14 ********** Test_001 | Test for Single Attribute Selection **********
INFO     root:test_SeachFilter.py:19 Search Filter page loaded
INFO     root:test_SeachFilter.py:21 117 Results
INFO     root:test_SeachFilter.py:23 Attribute OUTPUT AMPERE RATING | Checkbox selected for &#x27;10.06&#x27;
INFO     root:test_SeachFilter.py:25 117 Results<br/></div></td></tr></tbody>
      <tbody class="passed results-table-row">
        <tr>
          <td class="col-result">Passed</td>
          <td class="col-name">test_SeachFilter.py::Test_001_SearchFilter::test_SearchFilter_2</td>
          <td class="col-duration">22.54</td>
          <td class="col-links"></td></tr>
        <tr>
          <td class="extra" colspan="4">
            <div class="log"> -------------------------------Captured log call-------------------------------- <br/>INFO     root:test_SeachFilter.py:30 ********** Test_002 | Test for Multiple Attribute Selection **********
INFO     root:test_SeachFilter.py:35 Search Filter page loaded
INFO     root:test_SeachFilter.py:37 117 Results
INFO     root:test_SeachFilter.py:39 Attribute OUTPUT AMPERE RATING | Checkbox selected for &#x27;10.06&#x27;
INFO     root:test_SeachFilter.py:42 Attribute ENCLOSURE RATING | Checkbox selected for &#x27;Type 1&#x27;
INFO     root:test_SeachFilter.py:44 1 Results<br/></div></td></tr></tbody>
      <tbody class="passed results-table-row">
        <tr>
          <td class="col-result">Passed</td>
          <td class="col-name">test_SeachFilter.py::Test_001_SearchFilter::test_SearchFilter_3</td>
          <td class="col-duration">22.45</td>
          <td class="col-links"></td></tr>
        <tr>
          <td class="extra" colspan="4">
            <div class="log"> -------------------------------Captured log call-------------------------------- <br/>INFO     root:test_SeachFilter.py:49 ********** Test_003 | Test for No Results Found **********
INFO     root:test_SeachFilter.py:54 Search Filter page loaded
INFO     root:test_SeachFilter.py:56 117 Results
INFO     root:test_SeachFilter.py:58 Attribute OUTPUT AMPERE RATING | Checkbox selected for &#x27;10.06&#x27;
INFO     root:test_SeachFilter.py:61 Attribute ENCLOSURE RATING | Checkbox selected for &#x27;Type 1&#x27;
INFO     root:test_SeachFilter.py:64 Attribute FRAME SIZE | Checkbox selected for &#x27;B&#x27;
INFO     root:test_SeachFilter.py:66 0 Results
INFO     root:test_SeachFilter.py:69 No Data Available<br/></div></td></tr></tbody></table></body></html>